\BOOKMARK [1][-]{ttlpg.1}{\376\377\000P\000\341\000g\000i\000n\000a\000\040\000d\000e\000\040\000T\000\355\000t\000u\000l\000o}{}% 1
\BOOKMARK [1][-]{section.1}{\376\377\0001\000\040\000T\000\355\000t\000u\000l\000o\000\040\000e\000\040\000c\000o\000d\000i\000n\000o\000m\000e\000\040\000d\000o\000\040\000p\000r\000o\000j\000e\000t\000o}{}% 2
\BOOKMARK [1][-]{section.2}{\376\377\0002\000\040\000L\000i\000n\000k\000\040\000p\000a\000r\000a\000\040\000o\000\040\000b\000l\000o\000g\000\040\000d\000o\000\040\000p\000r\000o\000j\000e\000t\000o}{}% 3
\BOOKMARK [1][-]{section.3}{\376\377\0003\000\040\000E\000q\000u\000i\000p\000e}{}% 4
\BOOKMARK [1][-]{section.4}{\376\377\0004\000\040\000D\000e\000c\000l\000a\000r\000a\000\347\000\343\000o\000\040\000d\000o\000\040\000e\000s\000c\000o\000p\000o\000\040\000d\000e\000\040\000a\000l\000t\000o\000\040\000n\000\355\000v\000e\000l\000:}{}% 5
\BOOKMARK [1][-]{section.5}{\376\377\0005\000\040\000R\000e\000q\000u\000i\000s\000i\000t\000o\000s\000\040\000f\000u\000n\000c\000i\000o\000n\000a\000i\000s\000:}{}% 6
\BOOKMARK [2][-]{subsection.5.1}{\376\377\0005\000.\0001\000\040\000R\000F\0000\0000\0001\000\040\000-\000\040\000A\000p\000l\000i\000c\000a\000\347\000\343\000o\000\040\000d\000e\000\040\000E\000f\000e\000i\000t\000o\000s}{section.5}% 7
\BOOKMARK [2][-]{subsection.5.2}{\376\377\0005\000.\0002\000\040\000R\000F\0000\0000\0002\000\040\000-\000\040\000P\000e\000r\000s\000o\000n\000a\000l\000i\000z\000a\000\347\000\343\000o\000\040\000d\000e\000\040\000E\000f\000e\000i\000t\000o\000s}{section.5}% 8
\BOOKMARK [2][-]{subsection.5.3}{\376\377\0005\000.\0003\000\040\000R\000F\0000\0000\0003\000\040\000-\000\040\000S\000e\000l\000e\000\347\000\343\000o\000\040\000d\000e\000\040\000E\000f\000e\000i\000t\000o\000s\000\040\000\050\000A\000p\000l\000i\000c\000a\000t\000i\000v\000o\000\040\000M\000\363\000v\000e\000l\000\051}{section.5}% 9
\BOOKMARK [2][-]{subsection.5.4}{\376\377\0005\000.\0004\000\040\000R\000F\0000\0000\0004\000\040\000-\000\040\000A\000l\000t\000e\000r\000a\000\347\000\343\000o\000\040\000d\000e\000\040\000P\000a\000r\000\342\000m\000e\000t\000r\000o\000s\000\040\000\050\000A\000p\000l\000i\000c\000a\000t\000i\000v\000o\000\040\000M\000\363\000v\000e\000l\000\051}{section.5}% 10
\BOOKMARK [2][-]{subsection.5.5}{\376\377\0005\000.\0005\000\040\000R\000F\0000\0000\0005\000\040\000-\000\040\000V\000i\000s\000u\000a\000l\000i\000z\000a\000\347\000\343\000o\000\040\000d\000e\000\040\000P\000a\000r\000\342\000m\000e\000t\000r\000o\000s\000\040\000\050\000A\000p\000l\000i\000c\000a\000t\000i\000v\000o\000\040\000M\000\363\000v\000e\000l\000\051}{section.5}% 11
\BOOKMARK [2][-]{subsection.5.6}{\376\377\0005\000.\0006\000\040\000R\000F\0000\0000\0006\000\040\000-\000\040\000S\000e\000l\000e\000\347\000\343\000o\000\040\000d\000e\000\040\000E\000f\000e\000i\000t\000o\000s\000\040\000\050\000F\000\355\000s\000i\000c\000a\000\051}{section.5}% 12
\BOOKMARK [2][-]{subsection.5.7}{\376\377\0005\000.\0007\000\040\000R\000F\0000\0000\0007\000\040\000-\000\040\000A\000l\000t\000e\000r\000a\000\347\000\343\000o\000\040\000d\000e\000\040\000P\000a\000r\000\342\000m\000e\000t\000r\000o\000s\000\040\000\050\000F\000\355\000s\000i\000c\000a\000\051}{section.5}% 13
\BOOKMARK [2][-]{subsection.5.8}{\376\377\0005\000.\0008\000\040\000R\000F\0000\0000\0008\000\040\000-\000\040\000V\000i\000s\000u\000a\000l\000i\000z\000a\000\347\000\343\000o\000\040\000d\000e\000\040\000P\000a\000r\000\342\000m\000e\000t\000r\000o\000s\000\040\000\050\000F\000\355\000s\000i\000c\000a\000\051}{section.5}% 14
\BOOKMARK [2][-]{subsection.5.9}{\376\377\0005\000.\0009\000\040\000R\000F\0000\0000\0009\000\040\000-\000\040\000C\000o\000n\000e\000c\000t\000i\000v\000i\000d\000a\000d\000e\000\040\000c\000o\000m\000\040\000A\000p\000l\000i\000c\000a\000t\000i\000v\000o\000\040\000M\000\363\000v\000e\000l}{section.5}% 15
\BOOKMARK [1][-]{section.6}{\376\377\0006\000\040\000R\000e\000q\000u\000i\000s\000i\000t\000o\000s\000\040\000n\000\343\000o\000\040\000f\000u\000n\000c\000i\000o\000n\000a\000i\000s\000:}{}% 16
\BOOKMARK [2][-]{subsection.6.1}{\376\377\0006\000.\0001\000\040\000R\000N\000F\0000\0000\0001\000\040\000-\000\040\000L\000a\000t\000\352\000n\000c\000i\000a}{section.6}% 17
\BOOKMARK [2][-]{subsection.6.2}{\376\377\0006\000.\0002\000\040\000R\000N\000F\0000\0000\0002\000\040\000-\000\040\000I\000n\000t\000u\000i\000t\000i\000v\000i\000d\000a\000d\000e}{section.6}% 18
\BOOKMARK [2][-]{subsection.6.3}{\376\377\0006\000.\0003\000\040\000R\000N\000F\0000\0000\0003\000\040\000-\000\040\000P\000e\000r\000s\000o\000n\000a\000l\000i\000z\000a\000\347\000\343\000o\000\040\000S\000o\000n\000o\000r\000a}{section.6}% 19
\BOOKMARK [2][-]{subsection.6.4}{\376\377\0006\000.\0004\000\040\000R\000N\000F\0000\0000\0004\000\040\000-\000\040\000E\000s\000t\000a\000b\000i\000l\000i\000d\000a\000d\000e}{section.6}% 20
\BOOKMARK [2][-]{subsection.6.5}{\376\377\0006\000.\0005\000\040\000R\000N\000F\0000\0000\0005\000\040\000-\000\040\000F\000a\000c\000i\000l\000i\000d\000a\000d\000e\000\040\000d\000e\000\040\000M\000a\000n\000u\000t\000e\000n\000\347\000\343\000o}{section.6}% 21
\BOOKMARK [1][-]{section.7}{\376\377\0007\000\040\000A\000n\000t\000i\000\040\000r\000e\000q\000u\000i\000s\000i\000t\000o\000s}{}% 22
\BOOKMARK [1][-]{section.8}{\376\377\0008\000\040\000I\000n\000t\000e\000g\000r\000a\000\347\000\343\000o}{}% 23
\BOOKMARK [1][-]{section.9}{\376\377\0009\000\040\000A\000n\000\341\000l\000i\000s\000e\000\040\000d\000e\000\040\000R\000i\000s\000c\000o\000s}{}% 24
\BOOKMARK [1][-]{section.10}{\376\377\0001\0000\000\040\000C\000r\000o\000n\000o\000g\000r\000a\000m\000a\000\040\000d\000e\000t\000a\000l\000h\000a\000d\000o}{}% 25
\BOOKMARK [1][-]{section.11}{\376\377\0001\0001\000\040\000M\000a\000t\000e\000r\000i\000a\000i\000s\000\040\000e\000\040\000m\000\351\000t\000o\000d\000o\000s}{}% 26
\BOOKMARK [2][-]{subsection.11.1}{\376\377\0001\0001\000.\0001\000\040\000C\000i\000r\000c\000u\000i\000t\000o\000\040\000A\000n\000a\000l\000\363\000g\000i\000c\000o}{section.11}% 27
\BOOKMARK [2][-]{subsection.11.2}{\376\377\0001\0001\000.\0002\000\040\000E\000s\000c\000o\000l\000h\000a\000\040\000d\000e\000\040\000a\000l\000i\000m\000e\000n\000t\000a\000\347\000\343\000o}{section.11}% 28
\BOOKMARK [2][-]{subsection.11.3}{\376\377\0001\0001\000.\0003\000\040\000H\000a\000r\000d\000w\000a\000r\000e}{section.11}% 29
\BOOKMARK [3][-]{subsubsection.11.3.1}{\376\377\0001\0001\000.\0003\000.\0001\000\040\000P\000r\000o\000c\000e\000s\000s\000a\000d\000o\000r\000\040\000d\000e\000\040\000E\000f\000e\000i\000t\000o\000s\000\040\000S\000p\000i\000n\000\040\000F\000V\000-\0001}{subsection.11.3}% 30
\BOOKMARK [3][-]{subsubsection.11.3.2}{\376\377\0001\0001\000.\0003\000.\0002\000\040\000M\000i\000c\000r\000o\000c\000o\000n\000t\000r\000o\000l\000a\000d\000o\000r}{subsection.11.3}% 31
\BOOKMARK [3][-]{subsubsection.11.3.3}{\376\377\0001\0001\000.\0003\000.\0003\000\040\000C\000o\000n\000t\000r\000o\000l\000e\000\040\000d\000o\000\040\000P\000r\000o\000c\000e\000s\000s\000a\000d\000o\000r\000\040\000S\000p\000i\000n\000\040\000F\000V\000-\0001}{subsection.11.3}% 32
\BOOKMARK [2][-]{subsection.11.4}{\376\377\0001\0001\000.\0004\000\040\000C\000o\000n\000t\000r\000o\000l\000e\000\040\000d\000e\000\040\000B\000y\000p\000a\000s\000s\000\040\000d\000e\000\040\000E\000f\000e\000i\000t\000o\000s}{section.11}% 33
\BOOKMARK [3][-]{subsubsection.11.4.1}{\376\377\0001\0001\000.\0004\000.\0001\000\040\000G\000e\000r\000e\000n\000c\000i\000a\000m\000e\000n\000t\000o\000\040\000d\000a\000\040\000E\000n\000t\000r\000a\000d\000a\000\040\000M\000I\000D\000I}{subsection.11.4}% 34
\BOOKMARK [3][-]{subsubsection.11.4.2}{\376\377\0001\0001\000.\0004\000.\0002\000\040\000C\000o\000n\000e\000c\000t\000i\000v\000i\000d\000a\000d\000e\000\040\000c\000o\000m\000\040\000a\000\040\000A\000p\000l\000i\000c\000a\000\347\000\343\000o\000\040\000M\000\363\000v\000e\000l}{subsection.11.4}% 35
\BOOKMARK [2][-]{subsection.11.5}{\376\377\0001\0001\000.\0005\000\040\000S\000o\000f\000t\000w\000a\000r\000e}{section.11}% 36
\BOOKMARK [3][-]{subsubsection.11.5.1}{\376\377\0001\0001\000.\0005\000.\0001\000\040\000A\000p\000l\000i\000c\000a\000\347\000\343\000o\000\040\000M\000\363\000v\000e\000l\000\040\000\050\000J\000a\000v\000a\000S\000c\000r\000i\000p\000t\000\051}{subsection.11.5}% 37
\BOOKMARK [3][-]{subsubsection.11.5.2}{\376\377\0001\0001\000.\0005\000.\0002\000\040\000F\000i\000r\000m\000w\000a\000r\000e\000\040\000d\000o\000\040\000M\000i\000c\000r\000o\000c\000o\000n\000t\000r\000o\000l\000a\000d\000o\000r\000\040\000\050\000C\000\051}{subsection.11.5}% 38
\BOOKMARK [3][-]{subsubsection.11.5.3}{\376\377\0001\0001\000.\0005\000.\0003\000\040\000P\000r\000o\000g\000r\000a\000m\000a\000\347\000\343\000o\000\040\000d\000o\000\040\000F\000V\000-\0001\000\040\000\050\000A\000s\000s\000e\000m\000b\000l\000y\000\051}{subsection.11.5}% 39
